500
325 7206 7616 
460 2420 
488 7965 8755 1774 7367 
134 1784 3466 5064 
182 5870 6609 7699 
62 7618 8335 745 1626 1831 
316 9361 2288 8976 
205 2114 5465 6265 
399 8270 4267 
128 6637 1181 6534 
82 4483 5326 
0 1357 4677 3894 
194 44 3199 3417 3914 
404 6654 2769 4199 
432 6562 5280 8406 
216 3352 189 7307 5772 
373 5388 9043 
242 7454 9669 8740 5869 
306 7217 1643 3825 6257 2643 
236 1491 5946 732 
336 2846 7657 3219 3427 1534 
484 9514 9141 
483 6597 7379 
45 320 7772 2627 738 
212 8346 2676 843 4679 
105 5598 1418 8978 7285 
70 8538 4830 7087 
348 9891 3699 7732 
189 412 4099 9804 
218 4684 9819 1256 
410 9685 1475 6678 1106 9023 
162 506 5255 369 
296 2691 6692 
492 8114 1802 3300 5333 
81 4177 9244 
250 3666 2647 8922 
416 9098 5964 1496 
468 4752 4997 1523 1150 
444 3089 1508 3584 
393 3863 3126 560 
145 5376 6728 8074 
203 7280 9963 5156 
173 5961 3630 7014 2155 
75 8314 6735 8068 
172 8366 1552 
107 8756 9050 6215 2842 6537 
456 2185 4729 9807 979 
425 8739 9157 7789 5412 
436 3408 8834 4442 
223 1948 6164 7933 5219 
186 1881 4121 3869 8406 
290 8340 7413 
6 4144 7349 6836 
109 3137 469 7713 
308 1552 8019 2019 
392 4526 4403 5263 9159 1840 6060 
98 6415 2340 6172 2723 2555 
277 7892 7964 9533 
493 2736 7666 4827 7429 412 
58 2168 5677 3374 1774 
280 1934 769 5439 352 
419 605 9154 7554 5932 6327 
239 3799 6735 1850 3164 
429 8658 232 9848 
103 3987 5748 148 
237 7856 4693 7234 2480 
470 1021 2555 
12 4622 2962 4814 1055 8461 7652 
434 7573 1303 2058 6482 
60 4538 2055 6327 
480 3552 8922 
131 2584 7454 2892 
39 6090 5107 8593 5810 5099 
32 6038 7050 4020 4967 
122 9551 789 3543 
350 8319 865 3113 
301 5798 6098 4172 7012 979 
408 163 1794 6720 9443 
166 6272 6300 5498 1579 9930 
40 1565 8133 3229 5507 
279 5679 8775 8887 2679 
177 7816 5660 6889 
475 9253 3408 6161 5437 
53 6309 2431 4354 6327 
43 4718 9580 7997 
369 4152 6860 3875 1534 
297 4678 5730 2670 
281 6248 1934 2340 
311 4928 8308 7732 3388 3144 2962 
71 7133 1315 5655 5318 4940 9139 321 
132 3904 2318 3074 
245 3076 2694 9129 
345 3341 7650 2740 1353 7285 
328 9455 7762 259 
183 4244 1321 4624 
110 7614 8635 1358 3981 5340 
319 5676 3709 1065 4901 
18 2925 7762 5921 2013 
262 2319 6653 1611 1752 
95 2319 6650 7438 
354 1670 7165 898 1383 
268 9375 8648 3602 
96 529 3486 441 1216 
335 7040 1953 9579 3885 5848 
117 730 7344 5848 7699 
152 4850 9936 5748 5962 
196 1798 5737 4211 1147 1601 9834 
123 976 8222 834 3043 2288 
295 4638 7894 8462 30 
448 4451 9208 5288 4527 
289 3248 9649 3074 9968 
13 8463 1238 2401 2203 6584 
138 6757 4869 2073 5026 1216 8116 
418 178 9493 5715 
191 3695 7240 8125 
54 8715 4266 5676 4624 
364 8476 587 252 3773 2240 
469 976 6339 3357 791 4035 1454 
56 2009 8345 7120 
411 4716 2077 3496 9007 9834 
402 5511 3402 6170 1668 
374 1218 1418 9499 6153 1383 6101 
87 7993 8908 7759 2288 
197 2705 937 6465 2327 
195 4383 3117 9265 
333 9285 2675 6970 3758 
427 6956 446 4356 1343 
313 2841 393 4340 79 
161 1920 9490 5386 7864 2 
401 5035 719 1984 5880 
249 3150 6854 1798 7285 
342 1318 3764 3838 8894 4901 
91 9262 2556 5126 3752 1429 
148 4952 659 9740 7710 4035 
200 5928 5656 148 2240 
34 8996 9139 
36 1722 3614 394 9197 3103 
372 4884 5770 7864 
181 2015 1953 7929 4901 
73 3320 787 5564 1468 260 5248 6613 
256 7002 2999 2966 3507 3376 
409 8233 5059 881 9211 2198 9615 
214 1459 311 4341 
337 7992 480 9030 9253 7266 
140 72 9933 2383 6778 6613 
457 1401 720 4672 3728 
338 6480 65 9709 5677 
389 3818 4276 1668 
375 4285 9013 8722 
329 1502 4572 2555 
80 5135 1714 3093 7852 
41 1869 729 1709 8722 7949 
2 5537 66 353 5011 8618 2264 5643 
228 1468 7880 9968 
453 7569 8033 2704 3032 
232 6946 9098 7326 7762 
37 1849 4347 2240 
428 2017 7755 2729 925 3836 2288 
257 8864 6573 8538 9260 5412 
420 7621 6745 5737 9086 
263 6358 3172 7575 1299 
136 6094 960 6020 3836 9244 
384 9498 9270 1238 
125 3065 9115 7744 8293 
233 965 1366 4314 2121 
466 1386 1206 1299 
89 4117 1624 6635 7120 
307 9046 421 9219 9615 
50 8603 2058 6538 2240 
451 9446 5232 8614 4151 9615 3830 
76 3027 2315 6385 9842 
165 2706 5359 9834 
358 3094 4046 2817 8812 
179 6320 7647 2589 3877 
31 716 9481 352 4020 
225 7553 38 1657 7597 6067 
157 9196 5121 89 9684 4539 9842 
230 7043 6526 6887 1572 5979 8043 2 
454 5180 930 5677 5962 
20 4727 1818 90 367 7883 
66 3847 6962 7077 7968 
19 6729 2947 4343 4647 8431 
247 129 2141 6712 2437 1774 
304 8008 5913 9339 1642 7997 7240 
64 1377 1752 1208 1625 
170 6374 8461 3836 3074 
317 1314 5451 3032 5715 
210 4345 8347 5981 8218 2583 1299 
67 2349 6637 3769 7732 
24 8774 2416 7347 6020 7699 
359 6013 8220 6390 3936 
474 2777 9782 2782 6458 8644 
84 482 752 7519 443 
147 5476 7699 
151 343 4359 3377 3877 
111 7112 2346 1625 
322 3333 2389 1348 9244 
220 3588 6254 6101 
55 1350 133 4199 
269 7980 7461 7438 
477 5941 5887 8470 6613 
116 4334 4442 6382 3936 
381 6733 5526 2437 8994 
293 6038 6267 3728 3012 
120 3982 6832 2607 4527 9244 
387 9369 9841 7267 8910 
276 1956 1945 4432 5715 
406 9412 4317 6547 2288 
99 3710 2962 2951 707 1353 3023 
390 6688 8736 5948 9374 
14 4594 5208 6465 8789 6980 9007 
485 2218 1562 4170 8125 
90 5415 8461 9197 3144 
332 1493 2577 8284 2666 
188 98 2590 7733 9607 
321 4238 7920 2756 925 
190 1622 3434 3894 412 5869 7949 
69 2719 7912 3158 7883 
127 2379 1560 2240 9842 
198 6052 8807 5572 3304 
288 5309 3387 3958 8671 
86 8733 4731 7710 352 
413 9474 3739 321 
219 9166 6625 6537 7153 
244 2148 7598 3144 
278 629 5378 9872 9834 
193 6897 1132 300 7759 412 
421 4106 2988 7151 3528 935 
265 4498 4967 9848 
298 265 399 6613 
376 6277 5608 7043 7163 7133 79 
462 4328 4726 8566 3012 
258 4090 4389 2321 7267 3012 
121 4288 5483 5429 6534 
284 4212 3789 311 8134 
100 540 476 55 8722 7949 
159 8057 8200 3543 2414 5412 
463 8376 1896 4352 
450 5159 6397 6134 
101 3967 920 569 7762 
396 1042 1930 9129 7883 
28 7859 1348 8722 
241 6607 4214 9347 9160 2340 
394 2606 1111 133 9842 
330 7907 351 6001 3894 420 
312 6733 1555 5445 2643 
397 5816 3563 7829 838 5880 79 
204 1223 9885 8853 1348 4377 2986 
300 8868 5359 8859 6404 4314 
467 103 6493 8033 1181 9178 1058 
130 4090 7262 6954 5756 7699 
155 9917 5574 3418 2327 7500 2 
320 7216 4039 4526 925 3758 3894 
412 3610 8184 5119 2983 7791 2555 
446 6860 9371 7381 6604 9719 569 6613 
291 6026 9540 9903 3982 
65 8061 7790 8062 79 
160 7977 9601 2189 2858 2121 
292 1391 604 6170 427 
51 8545 5902 2327 
314 8910 869 9330 9806 8431 1299 
211 4460 13 1832 1149 
169 5110 4691 745 
371 1960 3729 782 5860 979 
25 9224 3028 2998 6729 1774 1731 4311 
9 305 5810 3376 2327 
259 23 1302 3495 3023 2240 
445 9140 1670 3395 5458 7153 2962 
135 9622 7 3877 
141 4271 753 5715 
229 7567 5156 8104 427 
72 3252 3551 7484 8462 3012 
11 3059 626 5572 3184 4985 
323 2123 9485 2504 7872 4255 857 6978 6534 
114 9936 6902 7426 3079 79 
464 5204 2465 2735 8994 
271 4543 7358 4668 6461 2892 4020 
302 9372 7280 9842 
327 8482 3457 4756 1991 3543 935 
414 9063 4553 7123 8406 
383 7905 7998 6608 9299 9842 
459 7917 2643 9990 569 2 
388 2288 2308 9871 5248 8994 
447 694 3755 774 6014 925 3936 321 
154 6137 1041 6281 6938 
129 9981 9752 6100 3103 5715 
146 3198 552 2962 
351 5768 5761 352 1984 
309 6635 2948 8028 4176 2 
361 9456 563 7339 6339 7396 4901 979 
79 2252 8092 8290 6134 7883 
201 4846 2270 5643 9533 
343 2037 3528 4346 7652 
108 2934 7416 815 321 3144 7699 
224 2995 961 7165 2327 4624 6327 
487 8195 8092 3830 9588 241 4104 843 7883 935 
275 9550 3994 399 1984 
112 5010 5824 4423 3012 
495 6433 9793 4580 8922 2630 3316 
498 1491 2572 9750 2412 427 
385 7824 639 9965 4639 935 
17 9128 296 7240 3894 
63 7907 6458 321 
167 3923 7789 673 2304 1534 
215 3274 7359 7006 6161 7413 
149 4373 1238 9621 6544 5902 8644 
49 9414 9210 9114 3077 9075 
422 6983 4401 5993 8663 9533 
93 779 1825 6833 9374 4035 
471 5082 4934 3795 79 6296 2327 8125 
206 8931 5743 3733 8716 2288 
234 5700 1316 533 5389 4664 979 3877 
473 3616 4765 2334 7699 
430 9513 2740 5921 9374 745 3936 
357 5127 2699 3521 7949 
261 6348 4958 7949 
352 1528 6567 4335 2589 9990 6938 
377 8948 1956 3830 2240 
266 2675 3758 3982 
207 5207 7573 4453 2538 1299 7652 
433 5372 3410 6750 8830 4340 8994 
378 5907 329 4378 5715 
355 2503 9340 8431 8994 
83 6002 8617 6550 7736 2 
246 7026 9196 6692 3125 9158 9547 935 
85 6334 8222 1376 4526 5458 
424 3700 9774 6170 7883 
366 154 7254 4377 935 5715 
264 9836 8608 3885 7699 
274 2655 3290 6280 3602 3982 
78 4470 1881 5450 1139 3586 6672 
184 98 6599 7902 7296 
272 3697 3737 2155 1058 1979 
465 7768 6339 7150 8829 4060 5848 1668 
254 8573 8675 9349 6251 420 6327 
481 3011 1855 7287 3397 4967 8994 
158 6250 9440 148 3936 
365 8963 1557 8125 
178 4435 3375 6986 6538 
180 6452 518 8605 1571 2962 
431 7433 3119 8711 
144 1609 139 2013 
386 5893 6528 1058 5507 9968 
303 8217 1479 8528 9545 427 
438 3370 7925 9007 7904 267 199 7949 
174 3209 152 9107 3584 1668 5715 
356 9650 3277 2704 1280 7587 4314 7153 
479 563 5412 9795 7296 3012 
344 795 8927 5846 4843 321 
340 1617 2768 2121 
324 2715 5110 2565 7296 
217 1006 2834 6712 7120 
282 805 413 2340 6216 5962 
441 316 8955 6978 1383 1984 
21 9692 1043 5186 6134 9968 
118 8157 5436 7347 4326 2121 
48 3826 4597 2932 2288 3074 7652 
253 2373 2776 1341 1476 8284 6938 
286 5986 9139 6538 9968 
443 8149 2962 7933 6889 3783 7438 2555 
240 6822 4397 7336 9930 7880 
482 4329 360 2485 6101 3074 
61 4312 9688 2240 
94 1114 3894 1083 2615 9968 
23 9173 2666 5962 
104 7909 8067 5796 1546 7429 4855 321 
26 7821 9384 971 1476 5156 3894 
30 8215 356 979 133 4020 9545 
497 1697 8280 6187 7413 2288 
115 5920 2373 1760 6672 
455 8837 2340 6331 6482 6584 
42 4477 9070 7296 4743 4170 935 
97 7779 1082 3195 1790 8711 7762 
16 6771 1801 7899 1532 8967 3077 935 79 
113 3694 872 7206 1117 7652 
472 1586 6878 6731 2871 4362 2121 
77 7779 5727 1668 
494 5252 9343 7210 9731 6537 
476 1020 7050 1562 6115 1429 4314 
102 1973 6669 3936 5715 
176 5312 7869 9159 6101 4684 7652 
423 1292 5114 8105 4199 
171 7992 4722 7418 1890 8730 7266 7153 
255 5432 7782 4377 3836 3074 
380 9699 5654 5386 8716 5762 
490 2924 6778 5715 
133 4270 8450 2202 5507 
287 8350 4484 7864 3012 
119 2428 6882 9798 130 4035 7949 
349 122 3614 8491 6030 7852 2962 
163 1269 7781 3158 2 
59 4713 7686 2013 6613 
260 7911 7220 4176 2288 
10 4588 523 1979 5762 
44 7524 6717 2171 2 7762 
33 1497 6387 9444 8134 2555 
347 3065 6680 4402 6196 6030 3144 
285 8505 5869 3303 8716 6547 
315 7808 7997 6613 
368 1102 8522 2465 5286 7864 935 
124 4170 6022 9835 3814 9007 205 7413 2555 
150 6033 8722 979 79 
346 5623 3545 1734 6938 
168 6540 190 3588 5416 4207 9265 5880 979 
209 7980 1668 7883 
153 2327 2130 9041 9364 9548 3753 447 
267 5289 2892 2555 
156 8135 9976 652 9244 427 
439 8310 8137 9377 1387 7481 9533 
478 4217 9733 9615 1774 
27 3951 4580 6899 6584 7709 
379 6263 513 2128 3074 427 
407 172 8746 3173 1868 8671 8134 7699 
164 4045 4220 7055 6613 
231 8061 6739 2052 2155 3877 
382 2833 4432 2003 6692 9842 
243 3049 9717 937 4311 5507 4199 
4 8822 9022 648 6545 183 5715 
334 9978 3815 3516 139 2058 3586 3074 427 
213 2168 1369 7888 9086 6613 
143 4466 8529 2121 
74 2668 2110 9861 2923 6369 321 
370 3175 7210 8711 7120 2962 
126 1399 8604 6909 9461 9834 2121 7153 
35 380 4644 5768 1125 2962 
415 7934 7266 1774 
331 592 2580 9270 7153 
326 1933 4593 8594 6698 1524 2986 
367 6299 8947 1869 9533 
442 9912 8428 3376 9244 3012 
3 4342 6139 1527 2853 3842 7173 7367 6258 79 
452 523 885 6327 2240 
238 8473 9688 2063 3783 7413 
8 7847 7262 982 8532 2611 9007 352 7153 5715 
339 8941 4199 3871 2652 1343 2555 
461 6693 9032 6270 2555 
499 1418 3521 9301 427 
362 6837 9898 1343 5064 2 
38 7590 475 3103 4326 
360 4897 1784 447 4199 
235 3998 9013 2240 
22 851 3828 4401 5437 9244 
251 4854 4837 935 
227 109 7009 8855 4909 3012 
7 317 7771 4151 6613 2240 
137 8358 1834 2857 6538 427 
437 4003 7997 8134 
449 464 3901 1625 7413 
489 6713 3990 6833 3032 2962 
405 8164 2416 7153 8284 2288 
142 121 3043 9709 7949 6938 
400 738 5037 4340 3690 3877 
310 6882 2220 2100 3982 
458 5123 7336 2426 1353 7652 
175 2089 2962 
47 2411 7864 9842 
29 7157 4 3330 1731 4020 
221 3332 8217 9968 
1 809 2066 5147 30 116 7438 
496 1597 5199 4561 6635 7762 
426 3870 2953 2570 9990 1238 9842 
318 2212 3641 4679 2962 
226 1278 4895 5589 4958 2340 2962 
299 164 9994 4334 7920 2666 1979 321 
353 9537 6762 2630 9930 3936 
486 9159 4551 7913 5748 1668 
252 9590 4537 991 7296 6938 
294 8952 2978 7736 7438 2 
270 123 9576 6101 5572 5412 
15 7428 465 8939 2962 
440 6793 5887 5156 6030 7699 7652 
491 5703 745 9735 1358 7699 5962 
222 7963 2412 6778 7709 79 
92 3296 7198 5500 5715 
106 2885 1280 1344 9777 2304 2340 
283 6547 5440 6920 2345 1299 2 
417 2419 6588 3521 7949 2962 
139 7088 5734 8092 935 
57 6658 9348 4340 2114 321 7652 
192 2559 9023 3261 5962 
46 5409 2402 6509 352 2986 
88 3908 925 2240 
52 7481 9746 8883 8994 
187 1988 9369 893 8269 7782 2327 9968 
68 2849 9480 6920 1774 2240 
363 6973 8183 9224 6258 
391 1560 3754 5156 935 
273 9661 3561 9199 7153 
403 5961 1079 1121 7120 9007 2240 
208 8267 7585 4843 5099 4340 
202 4980 8738 1080 6327 3894 
185 7762 5284 1964 7296 9007 
305 9658 7883 
435 8353 8484 7864 745 5762 2 
398 865 3842 8718 1373 7670 2485 2013 8406 79 
248 2 3972 4234 8387 
5 303 4102 898 780 9842 
199 5724 2243 1476 745 
341 731 1678 350 4628 4340 5869 2555 
395 6612 89 3981 9139 7699 
