61
2 23 16 
73 0 137 
67 9547 
27 2 
80 41 
95 54 
61 26 
97 230 
82 7433 
20 26 
36 148 
93 1290 
3 244 
77 433 
84 11 
89 5 
39 12 
58 2 183 
56 1996 
50 4 
53 2 6 
72 334 0 
11 11 
68 9 0 
45 8 11 
43 6 
64 1 0 
26 1 3 114 
32 281 
87 0 
0 6 
1 21 0 
92 1 
12 61 
76 43 845 
47 0 
6 2 
31 68 5 
22 41 8733 73 96 
23 4 1156 
78 50 26 
7 0 39 
66 0 
13 1042 
24 59 31 
33 52 31 
19 1 
99 8843 3618 7 
55 510 8 
86 23 1 116 
5 1966 0 
40 439 
21 5270 33 0 
37 2282 1 48 
98 452 
71 2684 
57 2 0 
29 67 
15 22 1 
96 1 
54 288 41 
