100
40 8786 
53 8402 
72 3837 
18 1392 3527 
22 7140 8637 
33 9876 8207 
51 4562 4691 
56 33 7427 
74 3450 3228 
98 7773 712 
11 1825 1534 
37 9863 2557 
49 4562 9437 
76 9113 2297 
77 8257 8809 
15 3623 3599 
68 3244 3285 
63 2157 9055 
87 7426 9264 
32 8759 2858 
34 9605 553 
67 631 8736 
30 4906 1046 
20 8472 1993 
94 8222 4891 
64 2306 4409 
7 5280 5944 
31 5406 3255 1349 
41 3924 4599 7015 
47 8878 6913 1770 
48 621 768 8252 
55 7313 6751 775 
73 1738 3955 1449 
90 9105 8723 
92 2240 352 7948 
93 5525 4307 2167 
13 5374 3682 6500 
29 2948 2743 
83 1679 6181 190 
85 7426 5756 190 
39 7100 7790 7015 
14 9924 3577 7133 
36 7864 2172 3993 
9 8600 5197 9666 
10 9964 3865 150 
38 9021 4147 2524 
44 469 6103 2079 5515 
54 5868 2638 
65 1397 7765 
75 3483 8432 3134 
80 3763 3126 
12 9595 2082 9665 
16 307 3527 7007 
26 7981 1023 6147 
43 3949 2473 
60 5690 9703 
78 6902 7562 3526 2783 
91 5937 4323 
97 9218 1035 9779 
59 5030 6884 705 
24 7140 6147 
19 3206 1748 8698 
61 333 3938 8500 
81 2978 2372 2092 
50 621 9895 4690 
95 2827 320 7113 5171 
71 3429 4923 7151 
89 2149 626 176 5843 
66 6571 3285 6016 
79 8671 265 5586 6140 9664 
5 2083 9274 4580 8229 
62 8039 4683 
82 5089 1141 9118 
99 7641 703 4785 
42 7452 7889 6504 
0 1775 776 647 
88 1514 2591 6960 9428 8721 
3 2083 6227 4231 1898 
17 8713 8145 9676 
6 908 6378 1503 
46 9973 768 1432 5955 6144 
1 6872 4018 329 
28 4945 6666 6144 
52 4115 1869 5752 
35 3298 5793 7595 3501 8598 
96 3930 3089 4112 
21 8931 6952 8910 
27 8455 6624 9718 
57 2110 9149 5565 
23 9403 6364 8145 4104 
70 2160 216 6701 9246 
45 9597 6913 6119 
86 1514 6214 4256 7588 
58 1024 5042 8049 
84 5682 7153 1040 
2 7114 7673 5269 
69 4457 7739 727 118 
4 7114 7939 2628 6147 
25 9403 2 6612 
8 8506 8229 9297 
